2024-10-10 23:54:11 INFO ColdDataPullRequestHoldService - ColdDataPullRequestHoldService service started
2024-10-10 23:54:11 INFO ColdDataCgCtrService - ColdDataCgCtrService service started
2024-10-10 23:54:31 INFO ColdDataPullRequestHoldService - checkColdPullRequest-info-finish, queueSize: 0 successTotal: 0 errorTotal: 0
2024-10-10 23:54:31 INFO ColdDataPullRequestHoldService - [OK] checkColdDataPullRequest-cost 0 ms.
2024-10-10 23:54:51 INFO ColdDataPullRequestHoldService - checkColdPullRequest-info-finish, queueSize: 0 successTotal: 0 errorTotal: 0
2024-10-10 23:54:51 INFO ColdDataPullRequestHoldService - [OK] checkColdDataPullRequest-cost 1 ms.
2024-10-10 23:55:11 INFO ColdDataPullRequestHoldService - checkColdPullRequest-info-finish, queueSize: 0 successTotal: 0 errorTotal: 0
2024-10-10 23:55:11 INFO ColdDataPullRequestHoldService - [OK] checkColdDataPullRequest-cost 1 ms.
2024-10-10 23:55:31 INFO ColdDataPullRequestHoldService - checkColdPullRequest-info-finish, queueSize: 0 successTotal: 0 errorTotal: 0
2024-10-10 23:55:31 INFO ColdDataPullRequestHoldService - [OK] checkColdDataPullRequest-cost 0 ms.
2024-10-10 23:55:51 INFO ColdDataPullRequestHoldService - checkColdPullRequest-info-finish, queueSize: 0 successTotal: 0 errorTotal: 0
2024-10-10 23:55:51 INFO ColdDataPullRequestHoldService - [OK] checkColdDataPullRequest-cost 0 ms.
2024-10-10 23:56:11 INFO ColdDataPullRequestHoldService - checkColdPullRequest-info-finish, queueSize: 0 successTotal: 0 errorTotal: 0
2024-10-10 23:56:11 INFO ColdDataPullRequestHoldService - [OK] checkColdDataPullRequest-cost 1 ms.
2024-10-10 23:56:31 INFO ColdDataPullRequestHoldService - checkColdPullRequest-info-finish, queueSize: 0 successTotal: 0 errorTotal: 0
2024-10-10 23:56:31 INFO ColdDataPullRequestHoldService - [OK] checkColdDataPullRequest-cost 1 ms.
2024-10-10 23:56:51 INFO ColdDataPullRequestHoldService - checkColdPullRequest-info-finish, queueSize: 0 successTotal: 0 errorTotal: 0
2024-10-10 23:56:51 INFO ColdDataPullRequestHoldService - [OK] checkColdDataPullRequest-cost 1 ms.
2024-10-10 23:57:11 INFO ColdDataCgCtrService - clearDataAcc cgColdThresholdMapRuntime key size: 0
2024-10-10 23:57:11 INFO ColdDataCgCtrService - [OK] clearTheDataAcc-cost 2 ms.
2024-10-10 23:57:11 INFO ColdDataPullRequestHoldService - checkColdPullRequest-info-finish, queueSize: 0 successTotal: 0 errorTotal: 0
2024-10-10 23:57:11 INFO ColdDataPullRequestHoldService - [OK] checkColdDataPullRequest-cost 0 ms.
2024-10-10 23:57:31 INFO ColdDataPullRequestHoldService - checkColdPullRequest-info-finish, queueSize: 0 successTotal: 0 errorTotal: 0
2024-10-10 23:57:31 INFO ColdDataPullRequestHoldService - [OK] checkColdDataPullRequest-cost 1 ms.
2024-10-10 23:57:51 INFO ColdDataPullRequestHoldService - checkColdPullRequest-info-finish, queueSize: 0 successTotal: 0 errorTotal: 0
2024-10-10 23:57:51 INFO ColdDataPullRequestHoldService - [OK] checkColdDataPullRequest-cost 0 ms.
2024-10-10 23:58:11 INFO ColdDataPullRequestHoldService - checkColdPullRequest-info-finish, queueSize: 0 successTotal: 0 errorTotal: 0
2024-10-10 23:58:11 INFO ColdDataPullRequestHoldService - [OK] checkColdDataPullRequest-cost 1 ms.
2024-10-10 23:58:31 INFO ColdDataPullRequestHoldService - checkColdPullRequest-info-finish, queueSize: 0 successTotal: 0 errorTotal: 0
2024-10-10 23:58:31 INFO ColdDataPullRequestHoldService - [OK] checkColdDataPullRequest-cost 0 ms.
2024-10-10 23:59:26 INFO ColdDataCgCtrService - ColdDataCgCtrService service started
2024-10-10 23:59:26 INFO ColdDataPullRequestHoldService - ColdDataPullRequestHoldService service started
2024-10-10 23:59:46 INFO ColdDataPullRequestHoldService - checkColdPullRequest-info-finish, queueSize: 0 successTotal: 0 errorTotal: 0
2024-10-10 23:59:46 INFO ColdDataPullRequestHoldService - [OK] checkColdDataPullRequest-cost 1 ms.
2024-10-11 00:02:38 INFO ColdDataPullRequestHoldService - ColdDataPullRequestHoldService service started
2024-10-11 00:02:38 INFO ColdDataCgCtrService - ColdDataCgCtrService service started
2024-10-11 00:02:58 INFO ColdDataPullRequestHoldService - checkColdPullRequest-info-finish, queueSize: 0 successTotal: 0 errorTotal: 0
2024-10-11 00:02:58 INFO ColdDataPullRequestHoldService - [OK] checkColdDataPullRequest-cost 1 ms.
2024-10-11 00:03:18 INFO ColdDataPullRequestHoldService - checkColdPullRequest-info-finish, queueSize: 0 successTotal: 0 errorTotal: 0
2024-10-11 00:03:18 INFO ColdDataPullRequestHoldService - [OK] checkColdDataPullRequest-cost 0 ms.
2024-10-11 00:03:38 INFO ColdDataPullRequestHoldService - checkColdPullRequest-info-finish, queueSize: 0 successTotal: 0 errorTotal: 0
2024-10-11 00:03:38 INFO ColdDataPullRequestHoldService - [OK] checkColdDataPullRequest-cost 1 ms.
2024-10-11 00:03:58 INFO ColdDataPullRequestHoldService - checkColdPullRequest-info-finish, queueSize: 0 successTotal: 0 errorTotal: 0
2024-10-11 00:03:58 INFO ColdDataPullRequestHoldService - [OK] checkColdDataPullRequest-cost 1 ms.
2024-10-11 00:04:18 INFO ColdDataPullRequestHoldService - checkColdPullRequest-info-finish, queueSize: 0 successTotal: 0 errorTotal: 0
2024-10-11 00:04:18 INFO ColdDataPullRequestHoldService - [OK] checkColdDataPullRequest-cost 1 ms.
2024-10-11 00:04:38 INFO ColdDataPullRequestHoldService - checkColdPullRequest-info-finish, queueSize: 0 successTotal: 0 errorTotal: 0
2024-10-11 00:04:38 INFO ColdDataPullRequestHoldService - [OK] checkColdDataPullRequest-cost 0 ms.
2024-10-11 00:04:58 INFO ColdDataPullRequestHoldService - checkColdPullRequest-info-finish, queueSize: 0 successTotal: 0 errorTotal: 0
2024-10-11 00:04:58 INFO ColdDataPullRequestHoldService - [OK] checkColdDataPullRequest-cost 1 ms.
2024-10-11 00:05:18 INFO ColdDataPullRequestHoldService - checkColdPullRequest-info-finish, queueSize: 0 successTotal: 0 errorTotal: 0
2024-10-11 00:05:18 INFO ColdDataPullRequestHoldService - [OK] checkColdDataPullRequest-cost 1 ms.
2024-10-11 00:05:38 INFO ColdDataCgCtrService - clearDataAcc cgColdThresholdMapRuntime key size: 0
2024-10-11 00:05:38 INFO ColdDataCgCtrService - [OK] clearTheDataAcc-cost 1 ms.
2024-10-11 00:05:38 INFO ColdDataPullRequestHoldService - checkColdPullRequest-info-finish, queueSize: 0 successTotal: 0 errorTotal: 0
2024-10-11 00:05:38 INFO ColdDataPullRequestHoldService - [OK] checkColdDataPullRequest-cost 0 ms.
2024-10-11 00:05:58 INFO ColdDataPullRequestHoldService - checkColdPullRequest-info-finish, queueSize: 0 successTotal: 0 errorTotal: 0
2024-10-11 00:05:58 INFO ColdDataPullRequestHoldService - [OK] checkColdDataPullRequest-cost 0 ms.
2024-10-11 00:06:18 INFO ColdDataPullRequestHoldService - checkColdPullRequest-info-finish, queueSize: 0 successTotal: 0 errorTotal: 0
2024-10-11 00:06:18 INFO ColdDataPullRequestHoldService - [OK] checkColdDataPullRequest-cost 1 ms.
2024-10-11 00:06:38 INFO ColdDataPullRequestHoldService - checkColdPullRequest-info-finish, queueSize: 0 successTotal: 0 errorTotal: 0
2024-10-11 00:06:38 INFO ColdDataPullRequestHoldService - [OK] checkColdDataPullRequest-cost 0 ms.
2024-10-11 00:06:58 INFO ColdDataPullRequestHoldService - checkColdPullRequest-info-finish, queueSize: 0 successTotal: 0 errorTotal: 0
2024-10-11 00:06:58 INFO ColdDataPullRequestHoldService - [OK] checkColdDataPullRequest-cost 0 ms.
2024-10-11 00:07:45 INFO ColdDataPullRequestHoldService - ColdDataPullRequestHoldService service started
2024-10-11 00:07:45 INFO ColdDataCgCtrService - ColdDataCgCtrService service started
2024-10-11 00:08:05 INFO ColdDataPullRequestHoldService - checkColdPullRequest-info-finish, queueSize: 0 successTotal: 0 errorTotal: 0
2024-10-11 00:08:05 INFO ColdDataPullRequestHoldService - [OK] checkColdDataPullRequest-cost 1 ms.
2024-10-11 00:08:25 INFO ColdDataPullRequestHoldService - checkColdPullRequest-info-finish, queueSize: 0 successTotal: 0 errorTotal: 0
2024-10-11 00:08:25 INFO ColdDataPullRequestHoldService - [OK] checkColdDataPullRequest-cost 1 ms.
2024-10-11 00:08:45 INFO ColdDataPullRequestHoldService - checkColdPullRequest-info-finish, queueSize: 0 successTotal: 0 errorTotal: 0
2024-10-11 00:08:45 INFO ColdDataPullRequestHoldService - [OK] checkColdDataPullRequest-cost 0 ms.
2024-10-11 00:09:05 INFO ColdDataPullRequestHoldService - checkColdPullRequest-info-finish, queueSize: 0 successTotal: 0 errorTotal: 0
2024-10-11 00:09:05 INFO ColdDataPullRequestHoldService - [OK] checkColdDataPullRequest-cost 1 ms.
2024-10-11 00:09:25 INFO ColdDataPullRequestHoldService - checkColdPullRequest-info-finish, queueSize: 0 successTotal: 0 errorTotal: 0
2024-10-11 00:09:25 INFO ColdDataPullRequestHoldService - [OK] checkColdDataPullRequest-cost 1 ms.
2024-10-11 00:09:45 INFO ColdDataPullRequestHoldService - checkColdPullRequest-info-finish, queueSize: 0 successTotal: 0 errorTotal: 0
2024-10-11 00:09:45 INFO ColdDataPullRequestHoldService - [OK] checkColdDataPullRequest-cost 1 ms.
2024-10-11 00:10:05 INFO ColdDataPullRequestHoldService - checkColdPullRequest-info-finish, queueSize: 0 successTotal: 0 errorTotal: 0
2024-10-11 00:10:05 INFO ColdDataPullRequestHoldService - [OK] checkColdDataPullRequest-cost 1 ms.
2024-10-11 00:10:25 INFO ColdDataPullRequestHoldService - checkColdPullRequest-info-finish, queueSize: 0 successTotal: 0 errorTotal: 0
2024-10-11 00:10:25 INFO ColdDataPullRequestHoldService - [OK] checkColdDataPullRequest-cost 6 ms.
2024-10-11 00:10:45 INFO ColdDataCgCtrService - clearDataAcc cgColdThresholdMapRuntime key size: 0
2024-10-11 00:10:45 INFO ColdDataCgCtrService - [OK] clearTheDataAcc-cost 1 ms.
2024-10-11 00:10:45 INFO ColdDataPullRequestHoldService - checkColdPullRequest-info-finish, queueSize: 0 successTotal: 0 errorTotal: 0
2024-10-11 00:10:45 INFO ColdDataPullRequestHoldService - [OK] checkColdDataPullRequest-cost 0 ms.
2024-10-11 00:11:05 INFO ColdDataPullRequestHoldService - checkColdPullRequest-info-finish, queueSize: 0 successTotal: 0 errorTotal: 0
2024-10-11 00:11:05 INFO ColdDataPullRequestHoldService - [OK] checkColdDataPullRequest-cost 0 ms.
2024-10-11 00:11:25 INFO ColdDataPullRequestHoldService - checkColdPullRequest-info-finish, queueSize: 0 successTotal: 0 errorTotal: 0
2024-10-11 00:11:25 INFO ColdDataPullRequestHoldService - [OK] checkColdDataPullRequest-cost 0 ms.
2024-10-11 00:11:45 INFO ColdDataPullRequestHoldService - checkColdPullRequest-info-finish, queueSize: 0 successTotal: 0 errorTotal: 0
2024-10-11 00:11:45 INFO ColdDataPullRequestHoldService - [OK] checkColdDataPullRequest-cost 0 ms.
