2024-10-10 23:40:04 INFO main - shutdown thread NettyEventExecutor interrupt false
2024-10-10 23:40:04 INFO main - join thread NettyEventExecutor elapsed time(ms) 0 90000
2024-10-10 23:40:06 INFO main - shutdown thread NettyEventExecutor interrupt false
2024-10-10 23:40:06 INFO main - join thread NettyEventExecutor elapsed time(ms) 0 90000
2024-10-10 23:40:09 INFO main - shutdown thread NettyEventExecutor interrupt false
2024-10-10 23:40:09 INFO main - join thread NettyEventExecutor elapsed time(ms) 0 90000
2024-10-10 23:40:11 INFO main - shutdown thread NettyEventExecutor interrupt false
2024-10-10 23:40:11 INFO main - join thread NettyEventExecutor elapsed time(ms) 0 90000
2024-10-10 23:40:15 INFO main - shutdown thread NettyEventExecutor interrupt false
2024-10-10 23:40:15 INFO main - join thread NettyEventExecutor elapsed time(ms) 0 90000
2024-10-10 23:40:18 INFO main - shutdown thread NettyEventExecutor interrupt false
2024-10-10 23:40:18 INFO main - join thread NettyEventExecutor elapsed time(ms) 0 90000
2024-10-10 23:40:23 INFO main - shutdown thread NettyEventExecutor interrupt false
2024-10-10 23:40:23 INFO main - join thread NettyEventExecutor elapsed time(ms) 0 90000
2024-10-10 23:40:31 INFO main - shutdown thread NettyEventExecutor interrupt false
2024-10-10 23:40:31 INFO main - join thread NettyEventExecutor elapsed time(ms) 0 90000
2024-10-10 23:40:45 INFO main - shutdown thread NettyEventExecutor interrupt false
2024-10-10 23:40:45 INFO main - join thread NettyEventExecutor elapsed time(ms) 0 90000
2024-10-10 23:41:12 INFO main - shutdown thread NettyEventExecutor interrupt false
2024-10-10 23:41:12 INFO main - join thread NettyEventExecutor elapsed time(ms) 0 90000
2024-10-10 23:42:04 INFO main - shutdown thread NettyEventExecutor interrupt false
2024-10-10 23:42:04 INFO main - join thread NettyEventExecutor elapsed time(ms) 0 90000
2024-10-10 23:54:10 INFO main - Server is running in TLS permissive mode
2024-10-10 23:54:10 INFO main - Tls config file doesn't exist, skip it
2024-10-10 23:54:10 INFO main - Log the final used tls related configuration
2024-10-10 23:54:10 INFO main - tls.test.mode.enable = true
2024-10-10 23:54:10 INFO main - tls.server.need.client.auth = none
2024-10-10 23:54:10 INFO main - tls.server.keyPath = null
2024-10-10 23:54:10 INFO main - tls.server.keyPassword = null
2024-10-10 23:54:10 INFO main - tls.server.certPath = null
2024-10-10 23:54:10 INFO main - tls.server.authClient = false
2024-10-10 23:54:10 INFO main - tls.server.trustCertPath = null
2024-10-10 23:54:10 INFO main - tls.client.keyPath = null
2024-10-10 23:54:10 INFO main - tls.client.keyPassword = null
2024-10-10 23:54:10 INFO main - tls.client.certPath = null
2024-10-10 23:54:10 INFO main - tls.client.authServer = false
2024-10-10 23:54:10 INFO main - tls.client.trustCertPath = null
2024-10-10 23:54:10 INFO main - Using OpenSSL provider
2024-10-10 23:54:11 INFO main - SSLContext created for server
2024-10-10 23:54:11 INFO main - Server is running in TLS permissive mode
2024-10-10 23:54:11 INFO main - Tls config file doesn't exist, skip it
2024-10-10 23:54:11 INFO main - Log the final used tls related configuration
2024-10-10 23:54:11 INFO main - tls.test.mode.enable = true
2024-10-10 23:54:11 INFO main - tls.server.need.client.auth = none
2024-10-10 23:54:11 INFO main - tls.server.keyPath = null
2024-10-10 23:54:11 INFO main - tls.server.keyPassword = null
2024-10-10 23:54:11 INFO main - tls.server.certPath = null
2024-10-10 23:54:11 INFO main - tls.server.authClient = false
2024-10-10 23:54:11 INFO main - tls.server.trustCertPath = null
2024-10-10 23:54:11 INFO main - tls.client.keyPath = null
2024-10-10 23:54:11 INFO main - tls.client.keyPassword = null
2024-10-10 23:54:11 INFO main - tls.client.certPath = null
2024-10-10 23:54:11 INFO main - tls.client.authServer = false
2024-10-10 23:54:11 INFO main - tls.client.trustCertPath = null
2024-10-10 23:54:11 INFO main - Using OpenSSL provider
2024-10-10 23:54:11 INFO main - SSLContext created for server
2024-10-10 23:54:11 INFO main - name server address updated. NEW : [nexfly-rocketmq-namesrv:9876] , OLD: null
2024-10-10 23:54:11 INFO NettyClientScan_thread_1 - createChannel: begin to connect remote host[nexfly-rocketmq-namesrv:9876] asynchronously
2024-10-10 23:54:11 INFO main - RemotingServer started, listening 0.0.0.0:10911
2024-10-10 23:54:11 INFO NettyEventExecutor - NettyEventExecutor service started
2024-10-10 23:54:11 INFO NettyClientWorkerThread_1 - NETTY CLIENT PIPELINE: CONNECT  UNKNOWN => 172.20.0.5:9876
2024-10-10 23:54:11 INFO NettyClientScan_thread_1 - createChannel: connect remote host[nexfly-rocketmq-namesrv:9876] success, AbstractBootstrap$PendingRegistrationPromise@4b52bd9f(success)
2024-10-10 23:54:11 INFO main - RemotingServer started, listening 0.0.0.0:10909
2024-10-10 23:54:11 INFO NettyEventExecutor - NettyEventExecutor service started
2024-10-10 23:54:22 INFO BrokerControllerScheduledThread1 - new name server is chosen. OLD: null , NEW: nexfly-rocketmq-namesrv:9876. namesrvIndex = 42
2024-10-10 23:59:25 INFO main - Server is running in TLS permissive mode
2024-10-10 23:59:25 INFO main - Tls config file doesn't exist, skip it
2024-10-10 23:59:25 INFO main - Log the final used tls related configuration
2024-10-10 23:59:25 INFO main - tls.test.mode.enable = true
2024-10-10 23:59:25 INFO main - tls.server.need.client.auth = none
2024-10-10 23:59:25 INFO main - tls.server.keyPath = null
2024-10-10 23:59:25 INFO main - tls.server.keyPassword = null
2024-10-10 23:59:25 INFO main - tls.server.certPath = null
2024-10-10 23:59:25 INFO main - tls.server.authClient = false
2024-10-10 23:59:25 INFO main - tls.server.trustCertPath = null
2024-10-10 23:59:25 INFO main - tls.client.keyPath = null
2024-10-10 23:59:25 INFO main - tls.client.keyPassword = null
2024-10-10 23:59:25 INFO main - tls.client.certPath = null
2024-10-10 23:59:25 INFO main - tls.client.authServer = false
2024-10-10 23:59:25 INFO main - tls.client.trustCertPath = null
2024-10-10 23:59:25 INFO main - Using OpenSSL provider
2024-10-10 23:59:26 INFO main - SSLContext created for server
2024-10-10 23:59:26 INFO main - Server is running in TLS permissive mode
2024-10-10 23:59:26 INFO main - Tls config file doesn't exist, skip it
2024-10-10 23:59:26 INFO main - Log the final used tls related configuration
2024-10-10 23:59:26 INFO main - tls.test.mode.enable = true
2024-10-10 23:59:26 INFO main - tls.server.need.client.auth = none
2024-10-10 23:59:26 INFO main - tls.server.keyPath = null
2024-10-10 23:59:26 INFO main - tls.server.keyPassword = null
2024-10-10 23:59:26 INFO main - tls.server.certPath = null
2024-10-10 23:59:26 INFO main - tls.server.authClient = false
2024-10-10 23:59:26 INFO main - tls.server.trustCertPath = null
2024-10-10 23:59:26 INFO main - tls.client.keyPath = null
2024-10-10 23:59:26 INFO main - tls.client.keyPassword = null
2024-10-10 23:59:26 INFO main - tls.client.certPath = null
2024-10-10 23:59:26 INFO main - tls.client.authServer = false
2024-10-10 23:59:26 INFO main - tls.client.trustCertPath = null
2024-10-10 23:59:26 INFO main - Using OpenSSL provider
2024-10-10 23:59:26 INFO main - SSLContext created for server
2024-10-10 23:59:26 INFO main - name server address updated. NEW : [nexfly-rocketmq-namesrv:9876] , OLD: null
2024-10-10 23:59:26 INFO NettyClientScan_thread_1 - createChannel: begin to connect remote host[nexfly-rocketmq-namesrv:9876] asynchronously
2024-10-10 23:59:26 INFO main - RemotingServer started, listening 0.0.0.0:10911
2024-10-10 23:59:26 INFO NettyEventExecutor - NettyEventExecutor service started
2024-10-10 23:59:26 INFO main - RemotingServer started, listening 0.0.0.0:10909
2024-10-10 23:59:26 INFO NettyEventExecutor - NettyEventExecutor service started
2024-10-10 23:59:26 INFO NettyClientWorkerThread_1 - NETTY CLIENT PIPELINE: CONNECT  UNKNOWN => 172.20.0.4:9876
2024-10-10 23:59:26 INFO NettyClientScan_thread_1 - createChannel: connect remote host[nexfly-rocketmq-namesrv:9876] success, AbstractBootstrap$PendingRegistrationPromise@4f52053c(success)
2024-10-10 23:59:36 INFO BrokerControllerScheduledThread1 - new name server is chosen. OLD: null , NEW: nexfly-rocketmq-namesrv:9876. namesrvIndex = 33
2024-10-10 23:59:52 INFO NettyClientWorkerThread_1 - NETTY CLIENT PIPELINE: channelInactive, the channel[172.20.0.4:9876]
2024-10-10 23:59:52 INFO NettyClientWorkerThread_1 - closeChannel: the channel[nexfly-rocketmq-namesrv:9876] was removed from channel table
2024-10-10 23:59:52 INFO NettyClientWorkerThread_1 - NETTY CLIENT PIPELINE: CLOSE 172.20.0.4:9876
2024-10-10 23:59:52 INFO NettyClientWorkerThread_1 - eventCloseChannel: the channel[null] has been removed from the channel table before
2024-10-10 23:59:52 INFO NettyClientSelector_1 - closeChannel: close the connection to remote address[172.20.0.4:9876] result: true
2024-10-11 00:02:36 INFO main - Server is running in TLS permissive mode
2024-10-11 00:02:36 INFO main - Tls config file doesn't exist, skip it
2024-10-11 00:02:36 INFO main - Log the final used tls related configuration
2024-10-11 00:02:36 INFO main - tls.test.mode.enable = true
2024-10-11 00:02:36 INFO main - tls.server.need.client.auth = none
2024-10-11 00:02:36 INFO main - tls.server.keyPath = null
2024-10-11 00:02:36 INFO main - tls.server.keyPassword = null
2024-10-11 00:02:36 INFO main - tls.server.certPath = null
2024-10-11 00:02:36 INFO main - tls.server.authClient = false
2024-10-11 00:02:36 INFO main - tls.server.trustCertPath = null
2024-10-11 00:02:36 INFO main - tls.client.keyPath = null
2024-10-11 00:02:36 INFO main - tls.client.keyPassword = null
2024-10-11 00:02:36 INFO main - tls.client.certPath = null
2024-10-11 00:02:36 INFO main - tls.client.authServer = false
2024-10-11 00:02:36 INFO main - tls.client.trustCertPath = null
2024-10-11 00:02:36 INFO main - Using OpenSSL provider
2024-10-11 00:02:37 INFO main - SSLContext created for server
2024-10-11 00:02:37 INFO main - Server is running in TLS permissive mode
2024-10-11 00:02:37 INFO main - Tls config file doesn't exist, skip it
2024-10-11 00:02:37 INFO main - Log the final used tls related configuration
2024-10-11 00:02:37 INFO main - tls.test.mode.enable = true
2024-10-11 00:02:37 INFO main - tls.server.need.client.auth = none
2024-10-11 00:02:37 INFO main - tls.server.keyPath = null
2024-10-11 00:02:37 INFO main - tls.server.keyPassword = null
2024-10-11 00:02:37 INFO main - tls.server.certPath = null
2024-10-11 00:02:37 INFO main - tls.server.authClient = false
2024-10-11 00:02:37 INFO main - tls.server.trustCertPath = null
2024-10-11 00:02:37 INFO main - tls.client.keyPath = null
2024-10-11 00:02:37 INFO main - tls.client.keyPassword = null
2024-10-11 00:02:37 INFO main - tls.client.certPath = null
2024-10-11 00:02:37 INFO main - tls.client.authServer = false
2024-10-11 00:02:37 INFO main - tls.client.trustCertPath = null
2024-10-11 00:02:37 INFO main - Using OpenSSL provider
2024-10-11 00:02:37 INFO main - SSLContext created for server
2024-10-11 00:02:37 INFO main - name server address updated. NEW : [nexfly-rocketmq-namesrv:9876] , OLD: null
2024-10-11 00:02:38 INFO NettyClientScan_thread_1 - createChannel: begin to connect remote host[nexfly-rocketmq-namesrv:9876] asynchronously
2024-10-11 00:02:38 INFO main - RemotingServer started, listening 0.0.0.0:10911
2024-10-11 00:02:38 INFO NettyEventExecutor - NettyEventExecutor service started
2024-10-11 00:02:38 INFO main - RemotingServer started, listening 0.0.0.0:10909
2024-10-11 00:02:38 INFO NettyEventExecutor - NettyEventExecutor service started
2024-10-11 00:02:38 INFO NettyClientWorkerThread_1 - NETTY CLIENT PIPELINE: CONNECT  UNKNOWN => 172.20.0.3:9876
2024-10-11 00:02:38 INFO NettyClientScan_thread_1 - createChannel: connect remote host[nexfly-rocketmq-namesrv:9876] success, AbstractBootstrap$PendingRegistrationPromise@22c028bc(success)
2024-10-11 00:02:48 INFO BrokerControllerScheduledThread1 - new name server is chosen. OLD: null , NEW: nexfly-rocketmq-namesrv:9876. namesrvIndex = 423
2024-10-11 00:07:43 INFO main - Server is running in TLS permissive mode
2024-10-11 00:07:43 INFO main - Tls config file doesn't exist, skip it
2024-10-11 00:07:43 INFO main - Log the final used tls related configuration
2024-10-11 00:07:43 INFO main - tls.test.mode.enable = true
2024-10-11 00:07:43 INFO main - tls.server.need.client.auth = none
2024-10-11 00:07:43 INFO main - tls.server.keyPath = null
2024-10-11 00:07:43 INFO main - tls.server.keyPassword = null
2024-10-11 00:07:43 INFO main - tls.server.certPath = null
2024-10-11 00:07:43 INFO main - tls.server.authClient = false
2024-10-11 00:07:43 INFO main - tls.server.trustCertPath = null
2024-10-11 00:07:43 INFO main - tls.client.keyPath = null
2024-10-11 00:07:43 INFO main - tls.client.keyPassword = null
2024-10-11 00:07:43 INFO main - tls.client.certPath = null
2024-10-11 00:07:43 INFO main - tls.client.authServer = false
2024-10-11 00:07:43 INFO main - tls.client.trustCertPath = null
2024-10-11 00:07:44 INFO main - Using OpenSSL provider
2024-10-11 00:07:45 INFO main - SSLContext created for server
2024-10-11 00:07:45 INFO main - Server is running in TLS permissive mode
2024-10-11 00:07:45 INFO main - Tls config file doesn't exist, skip it
2024-10-11 00:07:45 INFO main - Log the final used tls related configuration
2024-10-11 00:07:45 INFO main - tls.test.mode.enable = true
2024-10-11 00:07:45 INFO main - tls.server.need.client.auth = none
2024-10-11 00:07:45 INFO main - tls.server.keyPath = null
2024-10-11 00:07:45 INFO main - tls.server.keyPassword = null
2024-10-11 00:07:45 INFO main - tls.server.certPath = null
2024-10-11 00:07:45 INFO main - tls.server.authClient = false
2024-10-11 00:07:45 INFO main - tls.server.trustCertPath = null
2024-10-11 00:07:45 INFO main - tls.client.keyPath = null
2024-10-11 00:07:45 INFO main - tls.client.keyPassword = null
2024-10-11 00:07:45 INFO main - tls.client.certPath = null
2024-10-11 00:07:45 INFO main - tls.client.authServer = false
2024-10-11 00:07:45 INFO main - tls.client.trustCertPath = null
2024-10-11 00:07:45 INFO main - Using OpenSSL provider
2024-10-11 00:07:45 INFO main - SSLContext created for server
2024-10-11 00:07:45 INFO main - name server address updated. NEW : [nexfly-rocketmq-namesrv:9876] , OLD: null
2024-10-11 00:07:45 INFO NettyClientScan_thread_1 - createChannel: begin to connect remote host[nexfly-rocketmq-namesrv:9876] asynchronously
2024-10-11 00:07:45 INFO main - RemotingServer started, listening 0.0.0.0:10911
2024-10-11 00:07:45 INFO NettyEventExecutor - NettyEventExecutor service started
2024-10-11 00:07:45 INFO main - RemotingServer started, listening 0.0.0.0:10909
2024-10-11 00:07:45 INFO NettyEventExecutor - NettyEventExecutor service started
2024-10-11 00:07:45 INFO NettyClientWorkerThread_1 - NETTY CLIENT PIPELINE: CONNECT  UNKNOWN => 172.20.0.4:9876
2024-10-11 00:07:45 INFO NettyClientScan_thread_1 - createChannel: connect remote host[nexfly-rocketmq-namesrv:9876] success, AbstractBootstrap$PendingRegistrationPromise@3857abd1(success)
2024-10-11 00:07:56 INFO BrokerControllerScheduledThread1 - new name server is chosen. OLD: null , NEW: nexfly-rocketmq-namesrv:9876. namesrvIndex = 811
2024-10-11 00:08:00 INFO NettyServerCodecThread_1 - NETTY SERVER PIPELINE: channelRegistered 172.20.0.9:57712
2024-10-11 00:08:00 INFO NettyServerCodecThread_1 - NETTY SERVER PIPELINE: channelActive, the channel[172.20.0.9:57712]
2024-10-11 00:09:22 INFO NettyServerCodecThread_2 - NETTY SERVER PIPELINE: channelRegistered 172.20.0.9:55988
2024-10-11 00:09:22 INFO NettyServerCodecThread_2 - NETTY SERVER PIPELINE: channelActive, the channel[172.20.0.9:55988]
2024-10-11 00:09:22 INFO NettyServerCodecThread_2 - NETTY SERVER PIPELINE: channelInactive, the channel[172.20.0.9:55988]
2024-10-11 00:09:22 INFO NettyServerCodecThread_2 - NETTY SERVER PIPELINE: channelUnregistered, the channel[172.20.0.9:55988]
2024-10-11 00:09:25 INFO NettyServerCodecThread_3 - NETTY SERVER PIPELINE: channelRegistered 172.20.0.9:55990
2024-10-11 00:09:25 INFO NettyServerCodecThread_3 - NETTY SERVER PIPELINE: channelActive, the channel[172.20.0.9:55990]
2024-10-11 00:09:25 INFO NettyServerCodecThread_3 - NETTY SERVER PIPELINE: channelInactive, the channel[172.20.0.9:55990]
2024-10-11 00:09:25 INFO NettyServerCodecThread_3 - NETTY SERVER PIPELINE: channelUnregistered, the channel[172.20.0.9:55990]
2024-10-11 00:09:35 INFO NettyServerCodecThread_4 - NETTY SERVER PIPELINE: channelRegistered 172.20.0.9:34114
2024-10-11 00:09:35 INFO NettyServerCodecThread_4 - NETTY SERVER PIPELINE: channelActive, the channel[172.20.0.9:34114]
2024-10-11 00:09:35 INFO NettyServerCodecThread_4 - NETTY SERVER PIPELINE: channelInactive, the channel[172.20.0.9:34114]
2024-10-11 00:09:35 INFO NettyServerCodecThread_4 - NETTY SERVER PIPELINE: channelUnregistered, the channel[172.20.0.9:34114]
