2024-10-10 23:44:01 INFO NettyServerScheduler_1 - Port: 9876, RequestCode Distribution: {105:1, 106:1}
2024-10-10 23:44:01 INFO NettyServerScheduler_1 - Port: 9876, ResponseCode Distribution: {0:1, 17:1}
2024-10-10 23:44:17 INFO NettyServerScheduler_1 - Port: 9876, RequestCode Distribution: {106:1}
2024-10-10 23:44:17 INFO NettyServerScheduler_1 - Port: 9876, ResponseCode Distribution: {0:1}
2024-10-10 23:44:30 INFO NettyServerScheduler_1 - Port: 9876, RequestCode Distribution: {105:1, 106:1, 206:1}
2024-10-10 23:44:30 INFO NettyServerScheduler_1 - Port: 9876, ResponseCode Distribution: {0:2, 17:1}
2024-10-10 23:44:37 INFO NettyServerScheduler_1 - Port: 9876, RequestCode Distribution: {106:1}
2024-10-10 23:44:37 INFO NettyServerScheduler_1 - Port: 9876, ResponseCode Distribution: {0:1}
2024-10-10 23:45:00 INFO NettyServerScheduler_1 - Port: 9876, RequestCode Distribution: {105:1, 106:1}
2024-10-10 23:45:00 INFO NettyServerScheduler_1 - Port: 9876, ResponseCode Distribution: {0:1, 17:1}
2024-10-10 23:45:17 INFO NettyServerScheduler_1 - Port: 9876, RequestCode Distribution: {106:1}
2024-10-10 23:45:17 INFO NettyServerScheduler_1 - Port: 9876, ResponseCode Distribution: {0:1}
2024-10-10 23:45:30 INFO NettyServerScheduler_1 - Port: 9876, RequestCode Distribution: {105:1, 106:1, 206:1}
2024-10-10 23:45:30 INFO NettyServerScheduler_1 - Port: 9876, ResponseCode Distribution: {0:2, 17:1}
2024-10-10 23:45:37 INFO NettyServerScheduler_1 - Port: 9876, RequestCode Distribution: {106:1}
2024-10-10 23:45:37 INFO NettyServerScheduler_1 - Port: 9876, ResponseCode Distribution: {0:1}
2024-10-10 23:46:00 INFO NettyServerScheduler_1 - Port: 9876, RequestCode Distribution: {105:1, 106:1}
2024-10-10 23:46:00 INFO NettyServerScheduler_1 - Port: 9876, ResponseCode Distribution: {0:1, 17:1}
2024-10-10 23:46:17 INFO NettyServerScheduler_1 - Port: 9876, RequestCode Distribution: {106:1}
2024-10-10 23:46:17 INFO NettyServerScheduler_1 - Port: 9876, ResponseCode Distribution: {0:1}
2024-10-10 23:46:30 INFO NettyServerScheduler_1 - Port: 9876, RequestCode Distribution: {105:1, 106:1, 206:1}
2024-10-10 23:46:30 INFO NettyServerScheduler_1 - Port: 9876, ResponseCode Distribution: {0:2, 17:1}
2024-10-10 23:46:37 INFO NettyServerScheduler_1 - Port: 9876, RequestCode Distribution: {106:1}
2024-10-10 23:46:37 INFO NettyServerScheduler_1 - Port: 9876, ResponseCode Distribution: {0:1}
2024-10-10 23:47:00 INFO NettyServerScheduler_1 - Port: 9876, RequestCode Distribution: {105:1, 106:1}
2024-10-10 23:47:00 INFO NettyServerScheduler_1 - Port: 9876, ResponseCode Distribution: {0:1, 17:1}
2024-10-10 23:47:17 INFO NettyServerScheduler_1 - Port: 9876, RequestCode Distribution: {106:1}
2024-10-10 23:47:17 INFO NettyServerScheduler_1 - Port: 9876, ResponseCode Distribution: {0:1}
2024-10-10 23:47:30 INFO NettyServerScheduler_1 - Port: 9876, RequestCode Distribution: {105:1, 106:1, 206:1}
2024-10-10 23:47:30 INFO NettyServerScheduler_1 - Port: 9876, ResponseCode Distribution: {0:2, 17:1}
2024-10-10 23:47:37 INFO NettyServerScheduler_1 - Port: 9876, RequestCode Distribution: {106:1}
2024-10-10 23:47:37 INFO NettyServerScheduler_1 - Port: 9876, ResponseCode Distribution: {0:1}
2024-10-10 23:48:00 INFO NettyServerScheduler_1 - Port: 9876, RequestCode Distribution: {105:1, 106:1}
2024-10-10 23:48:00 INFO NettyServerScheduler_1 - Port: 9876, ResponseCode Distribution: {0:1, 17:1}
2024-10-10 23:48:17 INFO NettyServerScheduler_1 - Port: 9876, RequestCode Distribution: {106:1}
2024-10-10 23:48:17 INFO NettyServerScheduler_1 - Port: 9876, ResponseCode Distribution: {0:1}
2024-10-10 23:48:30 INFO NettyServerScheduler_1 - Port: 9876, RequestCode Distribution: {105:1, 106:1, 206:1}
2024-10-10 23:48:30 INFO NettyServerScheduler_1 - Port: 9876, ResponseCode Distribution: {0:2, 17:1}
2024-10-10 23:48:37 INFO NettyServerScheduler_1 - Port: 9876, RequestCode Distribution: {106:1}
2024-10-10 23:48:37 INFO NettyServerScheduler_1 - Port: 9876, ResponseCode Distribution: {0:1}
2024-10-10 23:49:00 INFO NettyServerScheduler_1 - Port: 9876, RequestCode Distribution: {105:1, 106:1}
2024-10-10 23:49:00 INFO NettyServerScheduler_1 - Port: 9876, ResponseCode Distribution: {0:1, 17:1}
2024-10-10 23:49:17 INFO NettyServerScheduler_1 - Port: 9876, RequestCode Distribution: {106:1}
2024-10-10 23:49:17 INFO NettyServerScheduler_1 - Port: 9876, ResponseCode Distribution: {0:1}
2024-10-10 23:50:02 INFO NettyServerScheduler_1 - Port: 9876, RequestCode Distribution: {106:1}
2024-10-10 23:50:02 INFO NettyServerScheduler_1 - Port: 9876, ResponseCode Distribution: {0:1}
2024-10-10 23:50:12 INFO NettyServerScheduler_1 - Port: 9876, RequestCode Distribution: {106:1}
2024-10-10 23:50:12 INFO NettyServerScheduler_1 - Port: 9876, ResponseCode Distribution: {0:1}
2024-10-10 23:50:30 INFO NettyServerScheduler_1 - Port: 9876, RequestCode Distribution: {105:1, 106:1, 206:1}
2024-10-10 23:50:30 INFO NettyServerScheduler_1 - Port: 9876, ResponseCode Distribution: {0:2, 17:1}
2024-10-10 23:50:32 INFO NettyServerScheduler_1 - Port: 9876, RequestCode Distribution: {106:1}
2024-10-10 23:50:32 INFO NettyServerScheduler_1 - Port: 9876, ResponseCode Distribution: {0:1}
2024-10-10 23:51:00 INFO NettyServerScheduler_1 - Port: 9876, RequestCode Distribution: {105:1, 106:1}
2024-10-10 23:51:00 INFO NettyServerScheduler_1 - Port: 9876, ResponseCode Distribution: {0:1, 17:1}
2024-10-10 23:51:12 INFO NettyServerScheduler_1 - Port: 9876, RequestCode Distribution: {106:1}
2024-10-10 23:51:12 INFO NettyServerScheduler_1 - Port: 9876, ResponseCode Distribution: {0:1}
2024-10-10 23:51:30 INFO NettyServerScheduler_1 - Port: 9876, RequestCode Distribution: {105:1, 106:1, 206:1}
2024-10-10 23:51:30 INFO NettyServerScheduler_1 - Port: 9876, ResponseCode Distribution: {0:2, 17:1}
2024-10-10 23:51:32 INFO NettyServerScheduler_1 - Port: 9876, RequestCode Distribution: {106:1}
2024-10-10 23:51:32 INFO NettyServerScheduler_1 - Port: 9876, ResponseCode Distribution: {0:1}
2024-10-10 23:52:00 INFO NettyServerScheduler_1 - Port: 9876, RequestCode Distribution: {105:1, 106:1}
2024-10-10 23:52:00 INFO NettyServerScheduler_1 - Port: 9876, ResponseCode Distribution: {0:1, 17:1}
2024-10-10 23:52:12 INFO NettyServerScheduler_1 - Port: 9876, RequestCode Distribution: {106:1}
2024-10-10 23:52:12 INFO NettyServerScheduler_1 - Port: 9876, ResponseCode Distribution: {0:1}
2024-10-10 23:52:30 INFO NettyServerScheduler_1 - Port: 9876, RequestCode Distribution: {105:1, 106:1, 206:1}
2024-10-10 23:52:30 INFO NettyServerScheduler_1 - Port: 9876, ResponseCode Distribution: {0:2, 17:1}
2024-10-10 23:52:32 INFO NettyServerScheduler_1 - Port: 9876, RequestCode Distribution: {106:1}
2024-10-10 23:52:32 INFO NettyServerScheduler_1 - Port: 9876, ResponseCode Distribution: {0:1}
2024-10-10 23:53:00 INFO NettyServerScheduler_1 - Port: 9876, RequestCode Distribution: {105:1, 106:1}
2024-10-10 23:53:00 INFO NettyServerScheduler_1 - Port: 9876, ResponseCode Distribution: {0:1, 17:1}
2024-10-10 23:53:12 INFO NettyServerScheduler_1 - Port: 9876, RequestCode Distribution: {106:1}
2024-10-10 23:53:12 INFO NettyServerScheduler_1 - Port: 9876, ResponseCode Distribution: {0:1}
2024-10-10 23:53:30 INFO NettyServerScheduler_1 - Port: 9876, RequestCode Distribution: {105:1, 106:1, 206:1}
2024-10-10 23:53:30 INFO NettyServerScheduler_1 - Port: 9876, ResponseCode Distribution: {0:2, 17:1}
2024-10-10 23:53:32 INFO NettyServerScheduler_1 - Port: 9876, RequestCode Distribution: {106:1}
2024-10-10 23:53:32 INFO NettyServerScheduler_1 - Port: 9876, ResponseCode Distribution: {0:1}
2024-10-10 23:54:12 INFO NettyServerScheduler_1 - Port: 9876, RequestCode Distribution: {103:1}
2024-10-10 23:54:12 INFO NettyServerScheduler_1 - Port: 9876, ResponseCode Distribution: {0:1}
2024-10-10 23:54:23 INFO NettyServerScheduler_1 - Port: 9876, RequestCode Distribution: {106:1, 103:1}
2024-10-10 23:54:23 INFO NettyServerScheduler_1 - Port: 9876, ResponseCode Distribution: {0:2}
2024-10-10 23:54:28 INFO NettyServerScheduler_1 - Port: 9876, RequestCode Distribution: {106:1}
2024-10-10 23:54:28 INFO NettyServerScheduler_1 - Port: 9876, ResponseCode Distribution: {0:1}
2024-10-10 23:54:31 INFO NettyServerScheduler_1 - Port: 9876, RequestCode Distribution: {105:3, 106:1, 206:1}
2024-10-10 23:54:31 INFO NettyServerScheduler_1 - Port: 9876, ResponseCode Distribution: {0:5}
2024-10-10 23:54:32 INFO NettyServerScheduler_1 - Port: 9876, RequestCode Distribution: {106:1}
2024-10-10 23:54:32 INFO NettyServerScheduler_1 - Port: 9876, ResponseCode Distribution: {0:1}
2024-10-10 23:54:33 INFO NettyServerScheduler_1 - Port: 9876, RequestCode Distribution: {106:1}
2024-10-10 23:54:33 INFO NettyServerScheduler_1 - Port: 9876, ResponseCode Distribution: {0:1}
2024-10-10 23:54:38 INFO NettyServerScheduler_1 - Port: 9876, RequestCode Distribution: {106:1}
2024-10-10 23:54:38 INFO NettyServerScheduler_1 - Port: 9876, ResponseCode Distribution: {0:1}
2024-10-10 23:54:43 INFO NettyServerScheduler_1 - Port: 9876, RequestCode Distribution: {106:1}
2024-10-10 23:54:43 INFO NettyServerScheduler_1 - Port: 9876, ResponseCode Distribution: {0:1}
2024-10-10 23:54:48 INFO NettyServerScheduler_1 - Port: 9876, RequestCode Distribution: {106:1}
2024-10-10 23:54:48 INFO NettyServerScheduler_1 - Port: 9876, ResponseCode Distribution: {0:1}
2024-10-10 23:54:52 INFO NettyServerScheduler_1 - Port: 9876, RequestCode Distribution: {106:1}
2024-10-10 23:54:52 INFO NettyServerScheduler_1 - Port: 9876, ResponseCode Distribution: {0:1}
2024-10-10 23:54:53 INFO NettyServerScheduler_1 - Port: 9876, RequestCode Distribution: {106:1, 103:1}
2024-10-10 23:54:53 INFO NettyServerScheduler_1 - Port: 9876, ResponseCode Distribution: {0:2}
2024-10-10 23:54:57 INFO NettyServerScheduler_1 - Port: 9876, RequestCode Distribution: {106:1}
2024-10-10 23:54:57 INFO NettyServerScheduler_1 - Port: 9876, ResponseCode Distribution: {0:1}
2024-10-10 23:55:00 INFO NettyServerScheduler_1 - Port: 9876, RequestCode Distribution: {106:1}
2024-10-10 23:55:00 INFO NettyServerScheduler_1 - Port: 9876, ResponseCode Distribution: {0:1}
2024-10-10 23:55:01 INFO NettyServerScheduler_1 - Port: 9876, RequestCode Distribution: {105:1}
2024-10-10 23:55:01 INFO NettyServerScheduler_1 - Port: 9876, ResponseCode Distribution: {0:1}
2024-10-10 23:55:02 INFO NettyServerScheduler_1 - Port: 9876, RequestCode Distribution: {106:1}
2024-10-10 23:55:02 INFO NettyServerScheduler_1 - Port: 9876, ResponseCode Distribution: {0:1}
2024-10-10 23:55:07 INFO NettyServerScheduler_1 - Port: 9876, RequestCode Distribution: {106:1}
2024-10-10 23:55:07 INFO NettyServerScheduler_1 - Port: 9876, ResponseCode Distribution: {0:1}
2024-10-10 23:55:12 INFO NettyServerScheduler_1 - Port: 9876, RequestCode Distribution: {106:2}
2024-10-10 23:55:12 INFO NettyServerScheduler_1 - Port: 9876, ResponseCode Distribution: {0:2}
2024-10-10 23:55:17 INFO NettyServerScheduler_1 - Port: 9876, RequestCode Distribution: {106:1}
2024-10-10 23:55:17 INFO NettyServerScheduler_1 - Port: 9876, ResponseCode Distribution: {0:1}
2024-10-10 23:55:22 INFO NettyServerScheduler_1 - Port: 9876, RequestCode Distribution: {106:1, 103:1}
2024-10-10 23:55:22 INFO NettyServerScheduler_1 - Port: 9876, ResponseCode Distribution: {0:2}
2024-10-10 23:55:27 INFO NettyServerScheduler_1 - Port: 9876, RequestCode Distribution: {106:1}
2024-10-10 23:55:27 INFO NettyServerScheduler_1 - Port: 9876, ResponseCode Distribution: {0:1}
2024-10-10 23:55:30 INFO NettyServerScheduler_1 - Port: 9876, RequestCode Distribution: {105:2, 106:1, 206:1}
2024-10-10 23:55:30 INFO NettyServerScheduler_1 - Port: 9876, ResponseCode Distribution: {0:4}
2024-10-10 23:55:31 INFO NettyServerScheduler_1 - Port: 9876, RequestCode Distribution: {105:1}
2024-10-10 23:55:31 INFO NettyServerScheduler_1 - Port: 9876, ResponseCode Distribution: {0:1}
2024-10-10 23:55:32 INFO NettyServerScheduler_1 - Port: 9876, RequestCode Distribution: {106:2}
2024-10-10 23:55:32 INFO NettyServerScheduler_1 - Port: 9876, ResponseCode Distribution: {0:2}
2024-10-10 23:55:37 INFO NettyServerScheduler_1 - Port: 9876, RequestCode Distribution: {106:1}
2024-10-10 23:55:37 INFO NettyServerScheduler_1 - Port: 9876, ResponseCode Distribution: {0:1}
2024-10-10 23:55:42 INFO NettyServerScheduler_1 - Port: 9876, RequestCode Distribution: {106:1}
2024-10-10 23:55:42 INFO NettyServerScheduler_1 - Port: 9876, ResponseCode Distribution: {0:1}
2024-10-10 23:55:47 INFO NettyServerScheduler_1 - Port: 9876, RequestCode Distribution: {106:1}
2024-10-10 23:55:47 INFO NettyServerScheduler_1 - Port: 9876, ResponseCode Distribution: {0:1}
2024-10-10 23:55:52 INFO NettyServerScheduler_1 - Port: 9876, RequestCode Distribution: {106:2, 103:1}
2024-10-10 23:55:52 INFO NettyServerScheduler_1 - Port: 9876, ResponseCode Distribution: {0:3}
2024-10-10 23:55:57 INFO NettyServerScheduler_1 - Port: 9876, RequestCode Distribution: {106:1}
2024-10-10 23:55:57 INFO NettyServerScheduler_1 - Port: 9876, ResponseCode Distribution: {0:1}
2024-10-10 23:56:00 INFO NettyServerScheduler_1 - Port: 9876, RequestCode Distribution: {106:1}
2024-10-10 23:56:00 INFO NettyServerScheduler_1 - Port: 9876, ResponseCode Distribution: {0:1}
2024-10-10 23:56:01 INFO NettyServerScheduler_1 - Port: 9876, RequestCode Distribution: {105:1}
2024-10-10 23:56:01 INFO NettyServerScheduler_1 - Port: 9876, ResponseCode Distribution: {0:1}
2024-10-10 23:56:02 INFO NettyServerScheduler_1 - Port: 9876, RequestCode Distribution: {106:1}
2024-10-10 23:56:02 INFO NettyServerScheduler_1 - Port: 9876, ResponseCode Distribution: {0:1}
2024-10-10 23:56:07 INFO NettyServerScheduler_1 - Port: 9876, RequestCode Distribution: {106:1}
2024-10-10 23:56:07 INFO NettyServerScheduler_1 - Port: 9876, ResponseCode Distribution: {0:1}
2024-10-10 23:56:12 INFO NettyServerScheduler_1 - Port: 9876, RequestCode Distribution: {106:2}
2024-10-10 23:56:12 INFO NettyServerScheduler_1 - Port: 9876, ResponseCode Distribution: {0:2}
2024-10-10 23:56:17 INFO NettyServerScheduler_1 - Port: 9876, RequestCode Distribution: {106:1}
2024-10-10 23:56:17 INFO NettyServerScheduler_1 - Port: 9876, ResponseCode Distribution: {0:1}
2024-10-10 23:56:22 INFO NettyServerScheduler_1 - Port: 9876, RequestCode Distribution: {106:1, 103:1}
2024-10-10 23:56:22 INFO NettyServerScheduler_1 - Port: 9876, ResponseCode Distribution: {0:2}
2024-10-10 23:56:27 INFO NettyServerScheduler_1 - Port: 9876, RequestCode Distribution: {106:1}
2024-10-10 23:56:27 INFO NettyServerScheduler_1 - Port: 9876, ResponseCode Distribution: {0:1}
2024-10-10 23:56:30 INFO NettyServerScheduler_1 - Port: 9876, RequestCode Distribution: {105:2, 106:1, 206:1}
2024-10-10 23:56:30 INFO NettyServerScheduler_1 - Port: 9876, ResponseCode Distribution: {0:4}
2024-10-10 23:56:31 INFO NettyServerScheduler_1 - Port: 9876, RequestCode Distribution: {105:1}
2024-10-10 23:56:31 INFO NettyServerScheduler_1 - Port: 9876, ResponseCode Distribution: {0:1}
2024-10-10 23:56:32 INFO NettyServerScheduler_1 - Port: 9876, RequestCode Distribution: {106:2}
2024-10-10 23:56:32 INFO NettyServerScheduler_1 - Port: 9876, ResponseCode Distribution: {0:2}
2024-10-10 23:56:37 INFO NettyServerScheduler_1 - Port: 9876, RequestCode Distribution: {106:1}
2024-10-10 23:56:37 INFO NettyServerScheduler_1 - Port: 9876, ResponseCode Distribution: {0:1}
2024-10-10 23:56:42 INFO NettyServerScheduler_1 - Port: 9876, RequestCode Distribution: {106:1}
2024-10-10 23:56:42 INFO NettyServerScheduler_1 - Port: 9876, ResponseCode Distribution: {0:1}
2024-10-10 23:56:47 INFO NettyServerScheduler_1 - Port: 9876, RequestCode Distribution: {106:1}
2024-10-10 23:56:47 INFO NettyServerScheduler_1 - Port: 9876, ResponseCode Distribution: {0:1}
2024-10-10 23:56:52 INFO NettyServerScheduler_1 - Port: 9876, RequestCode Distribution: {106:2, 103:1}
2024-10-10 23:56:52 INFO NettyServerScheduler_1 - Port: 9876, ResponseCode Distribution: {0:3}
2024-10-10 23:56:57 INFO NettyServerScheduler_1 - Port: 9876, RequestCode Distribution: {106:1}
2024-10-10 23:56:57 INFO NettyServerScheduler_1 - Port: 9876, ResponseCode Distribution: {0:1}
2024-10-10 23:57:00 INFO NettyServerScheduler_1 - Port: 9876, RequestCode Distribution: {106:1}
2024-10-10 23:57:00 INFO NettyServerScheduler_1 - Port: 9876, ResponseCode Distribution: {0:1}
2024-10-10 23:57:01 INFO NettyServerScheduler_1 - Port: 9876, RequestCode Distribution: {105:1}
2024-10-10 23:57:01 INFO NettyServerScheduler_1 - Port: 9876, ResponseCode Distribution: {0:1}
2024-10-10 23:57:02 INFO NettyServerScheduler_1 - Port: 9876, RequestCode Distribution: {106:1}
2024-10-10 23:57:02 INFO NettyServerScheduler_1 - Port: 9876, ResponseCode Distribution: {0:1}
2024-10-10 23:57:09 INFO NettyServerScheduler_1 - Port: 9876, RequestCode Distribution: {106:1}
2024-10-10 23:57:09 INFO NettyServerScheduler_1 - Port: 9876, ResponseCode Distribution: {0:1}
2024-10-10 23:57:12 INFO NettyServerScheduler_1 - Port: 9876, RequestCode Distribution: {106:2}
2024-10-10 23:57:12 INFO NettyServerScheduler_1 - Port: 9876, ResponseCode Distribution: {0:2}
2024-10-10 23:57:17 INFO NettyServerScheduler_1 - Port: 9876, RequestCode Distribution: {106:1}
2024-10-10 23:57:17 INFO NettyServerScheduler_1 - Port: 9876, ResponseCode Distribution: {0:1}
2024-10-10 23:57:22 INFO NettyServerScheduler_1 - Port: 9876, RequestCode Distribution: {106:1, 103:1}
2024-10-10 23:57:22 INFO NettyServerScheduler_1 - Port: 9876, ResponseCode Distribution: {0:2}
2024-10-10 23:57:27 INFO NettyServerScheduler_1 - Port: 9876, RequestCode Distribution: {106:1}
2024-10-10 23:57:27 INFO NettyServerScheduler_1 - Port: 9876, ResponseCode Distribution: {0:1}
2024-10-10 23:57:30 INFO NettyServerScheduler_1 - Port: 9876, RequestCode Distribution: {105:2, 106:1, 206:1}
2024-10-10 23:57:30 INFO NettyServerScheduler_1 - Port: 9876, ResponseCode Distribution: {0:4}
2024-10-10 23:57:31 INFO NettyServerScheduler_1 - Port: 9876, RequestCode Distribution: {105:1}
2024-10-10 23:57:31 INFO NettyServerScheduler_1 - Port: 9876, ResponseCode Distribution: {0:1}
2024-10-10 23:57:32 INFO NettyServerScheduler_1 - Port: 9876, RequestCode Distribution: {106:2}
2024-10-10 23:57:32 INFO NettyServerScheduler_1 - Port: 9876, ResponseCode Distribution: {0:2}
2024-10-10 23:57:37 INFO NettyServerScheduler_1 - Port: 9876, RequestCode Distribution: {106:1}
2024-10-10 23:57:37 INFO NettyServerScheduler_1 - Port: 9876, ResponseCode Distribution: {0:1}
2024-10-10 23:57:42 INFO NettyServerScheduler_1 - Port: 9876, RequestCode Distribution: {106:1}
2024-10-10 23:57:42 INFO NettyServerScheduler_1 - Port: 9876, ResponseCode Distribution: {0:1}
2024-10-10 23:57:47 INFO NettyServerScheduler_1 - Port: 9876, RequestCode Distribution: {106:1}
2024-10-10 23:57:47 INFO NettyServerScheduler_1 - Port: 9876, ResponseCode Distribution: {0:1}
2024-10-10 23:57:52 INFO NettyServerScheduler_1 - Port: 9876, RequestCode Distribution: {106:2, 103:1}
2024-10-10 23:57:52 INFO NettyServerScheduler_1 - Port: 9876, ResponseCode Distribution: {0:3}
2024-10-10 23:57:57 INFO NettyServerScheduler_1 - Port: 9876, RequestCode Distribution: {106:1}
2024-10-10 23:57:57 INFO NettyServerScheduler_1 - Port: 9876, ResponseCode Distribution: {0:1}
2024-10-10 23:58:00 INFO NettyServerScheduler_1 - Port: 9876, RequestCode Distribution: {106:1}
2024-10-10 23:58:00 INFO NettyServerScheduler_1 - Port: 9876, ResponseCode Distribution: {0:1}
2024-10-10 23:58:01 INFO NettyServerScheduler_1 - Port: 9876, RequestCode Distribution: {105:1}
2024-10-10 23:58:01 INFO NettyServerScheduler_1 - Port: 9876, ResponseCode Distribution: {0:1}
2024-10-10 23:58:02 INFO NettyServerScheduler_1 - Port: 9876, RequestCode Distribution: {106:1}
2024-10-10 23:58:02 INFO NettyServerScheduler_1 - Port: 9876, ResponseCode Distribution: {0:1}
2024-10-10 23:58:07 INFO NettyServerScheduler_1 - Port: 9876, RequestCode Distribution: {106:1}
2024-10-10 23:58:07 INFO NettyServerScheduler_1 - Port: 9876, ResponseCode Distribution: {0:1}
2024-10-10 23:58:12 INFO NettyServerScheduler_1 - Port: 9876, RequestCode Distribution: {106:2}
2024-10-10 23:58:12 INFO NettyServerScheduler_1 - Port: 9876, ResponseCode Distribution: {0:2}
2024-10-10 23:58:17 INFO NettyServerScheduler_1 - Port: 9876, RequestCode Distribution: {106:1}
2024-10-10 23:58:17 INFO NettyServerScheduler_1 - Port: 9876, ResponseCode Distribution: {0:1}
2024-10-10 23:58:22 INFO NettyServerScheduler_1 - Port: 9876, RequestCode Distribution: {106:1, 103:1}
2024-10-10 23:58:22 INFO NettyServerScheduler_1 - Port: 9876, ResponseCode Distribution: {0:2}
2024-10-10 23:58:27 INFO NettyServerScheduler_1 - Port: 9876, RequestCode Distribution: {106:1}
2024-10-10 23:58:27 INFO NettyServerScheduler_1 - Port: 9876, ResponseCode Distribution: {0:1}
2024-10-10 23:58:30 INFO NettyServerScheduler_1 - Port: 9876, RequestCode Distribution: {105:2, 106:1, 206:1}
2024-10-10 23:58:30 INFO NettyServerScheduler_1 - Port: 9876, ResponseCode Distribution: {0:4}
2024-10-10 23:58:31 INFO NettyServerScheduler_1 - Port: 9876, RequestCode Distribution: {105:1}
2024-10-10 23:58:31 INFO NettyServerScheduler_1 - Port: 9876, ResponseCode Distribution: {0:1}
2024-10-10 23:58:32 INFO NettyServerScheduler_1 - Port: 9876, RequestCode Distribution: {106:2}
2024-10-10 23:58:32 INFO NettyServerScheduler_1 - Port: 9876, ResponseCode Distribution: {0:2}
2024-10-10 23:58:37 INFO NettyServerScheduler_1 - Port: 9876, RequestCode Distribution: {106:1}
2024-10-10 23:58:37 INFO NettyServerScheduler_1 - Port: 9876, ResponseCode Distribution: {0:1}
2024-10-10 23:58:42 INFO NettyServerScheduler_1 - Port: 9876, RequestCode Distribution: {106:1}
2024-10-10 23:58:42 INFO NettyServerScheduler_1 - Port: 9876, ResponseCode Distribution: {0:1}
2024-10-10 23:58:47 INFO NettyServerScheduler_1 - Port: 9876, RequestCode Distribution: {106:1}
2024-10-10 23:58:47 INFO NettyServerScheduler_1 - Port: 9876, ResponseCode Distribution: {0:1}
2024-10-10 23:59:27 INFO NettyServerScheduler_1 - Port: 9876, RequestCode Distribution: {103:1}
2024-10-10 23:59:27 INFO NettyServerScheduler_1 - Port: 9876, ResponseCode Distribution: {0:1}
2024-10-10 23:59:31 INFO NettyServerScheduler_1 - Port: 9876, RequestCode Distribution: {105:2, 106:1, 206:1}
2024-10-10 23:59:31 INFO NettyServerScheduler_1 - Port: 9876, ResponseCode Distribution: {0:4}
2024-10-10 23:59:37 INFO NettyServerScheduler_1 - Port: 9876, RequestCode Distribution: {106:1, 103:1}
2024-10-10 23:59:37 INFO NettyServerScheduler_1 - Port: 9876, ResponseCode Distribution: {0:2}
2024-10-10 23:59:42 INFO NettyServerScheduler_1 - Port: 9876, RequestCode Distribution: {106:1}
2024-10-10 23:59:42 INFO NettyServerScheduler_1 - Port: 9876, ResponseCode Distribution: {0:1}
2024-10-10 23:59:47 INFO NettyServerScheduler_1 - Port: 9876, RequestCode Distribution: {106:2}
2024-10-10 23:59:47 INFO NettyServerScheduler_1 - Port: 9876, ResponseCode Distribution: {0:2}
2024-10-10 23:59:52 INFO NettyServerScheduler_1 - Port: 9876, RequestCode Distribution: {106:1}
2024-10-10 23:59:52 INFO NettyServerScheduler_1 - Port: 9876, ResponseCode Distribution: {0:1}
2024-10-11 00:02:38 INFO NettyServerScheduler_1 - Port: 9876, RequestCode Distribution: {103:1}
2024-10-11 00:02:38 INFO NettyServerScheduler_1 - Port: 9876, ResponseCode Distribution: {0:1}
2024-10-11 00:02:48 INFO NettyServerScheduler_1 - Port: 9876, RequestCode Distribution: {106:1, 103:1}
2024-10-11 00:02:48 INFO NettyServerScheduler_1 - Port: 9876, ResponseCode Distribution: {0:2}
2024-10-11 00:02:53 INFO NettyServerScheduler_1 - Port: 9876, RequestCode Distribution: {106:1}
2024-10-11 00:02:53 INFO NettyServerScheduler_1 - Port: 9876, ResponseCode Distribution: {0:1}
2024-10-11 00:02:58 INFO NettyServerScheduler_1 - Port: 9876, RequestCode Distribution: {106:1}
2024-10-11 00:02:58 INFO NettyServerScheduler_1 - Port: 9876, ResponseCode Distribution: {0:1}
2024-10-11 00:03:00 INFO NettyServerScheduler_1 - Port: 9876, RequestCode Distribution: {105:1, 106:1}
2024-10-11 00:03:00 INFO NettyServerScheduler_1 - Port: 9876, ResponseCode Distribution: {0:2}
2024-10-11 00:03:03 INFO NettyServerScheduler_1 - Port: 9876, RequestCode Distribution: {106:1}
2024-10-11 00:03:03 INFO NettyServerScheduler_1 - Port: 9876, ResponseCode Distribution: {0:1}
2024-10-11 00:03:08 INFO NettyServerScheduler_1 - Port: 9876, RequestCode Distribution: {106:1}
2024-10-11 00:03:08 INFO NettyServerScheduler_1 - Port: 9876, ResponseCode Distribution: {0:1}
2024-10-11 00:03:13 INFO NettyServerScheduler_1 - Port: 9876, RequestCode Distribution: {106:1}
2024-10-11 00:03:13 INFO NettyServerScheduler_1 - Port: 9876, ResponseCode Distribution: {0:1}
2024-10-11 00:03:18 INFO NettyServerScheduler_1 - Port: 9876, RequestCode Distribution: {106:2, 103:1}
2024-10-11 00:03:18 INFO NettyServerScheduler_1 - Port: 9876, ResponseCode Distribution: {0:3}
2024-10-11 00:03:23 INFO NettyServerScheduler_1 - Port: 9876, RequestCode Distribution: {106:1}
2024-10-11 00:03:23 INFO NettyServerScheduler_1 - Port: 9876, ResponseCode Distribution: {0:1}
2024-10-11 00:03:28 INFO NettyServerScheduler_1 - Port: 9876, RequestCode Distribution: {106:1}
2024-10-11 00:03:28 INFO NettyServerScheduler_1 - Port: 9876, ResponseCode Distribution: {0:1}
2024-10-11 00:03:30 INFO NettyServerScheduler_1 - Port: 9876, RequestCode Distribution: {105:3, 106:1, 206:1}
2024-10-11 00:03:30 INFO NettyServerScheduler_1 - Port: 9876, ResponseCode Distribution: {0:5}
2024-10-11 00:03:33 INFO NettyServerScheduler_1 - Port: 9876, RequestCode Distribution: {106:1}
2024-10-11 00:03:33 INFO NettyServerScheduler_1 - Port: 9876, ResponseCode Distribution: {0:1}
2024-10-11 00:03:38 INFO NettyServerScheduler_1 - Port: 9876, RequestCode Distribution: {106:2}
2024-10-11 00:03:38 INFO NettyServerScheduler_1 - Port: 9876, ResponseCode Distribution: {0:2}
2024-10-11 00:03:43 INFO NettyServerScheduler_1 - Port: 9876, RequestCode Distribution: {106:1}
2024-10-11 00:03:43 INFO NettyServerScheduler_1 - Port: 9876, ResponseCode Distribution: {0:1}
2024-10-11 00:03:48 INFO NettyServerScheduler_1 - Port: 9876, RequestCode Distribution: {106:1, 103:1}
2024-10-11 00:03:48 INFO NettyServerScheduler_1 - Port: 9876, ResponseCode Distribution: {0:2}
2024-10-11 00:03:53 INFO NettyServerScheduler_1 - Port: 9876, RequestCode Distribution: {106:1}
2024-10-11 00:03:53 INFO NettyServerScheduler_1 - Port: 9876, ResponseCode Distribution: {0:1}
2024-10-11 00:03:58 INFO NettyServerScheduler_1 - Port: 9876, RequestCode Distribution: {106:2}
2024-10-11 00:03:58 INFO NettyServerScheduler_1 - Port: 9876, ResponseCode Distribution: {0:2}
2024-10-11 00:04:00 INFO NettyServerScheduler_1 - Port: 9876, RequestCode Distribution: {105:1, 106:1}
2024-10-11 00:04:00 INFO NettyServerScheduler_1 - Port: 9876, ResponseCode Distribution: {0:2}
2024-10-11 00:04:03 INFO NettyServerScheduler_1 - Port: 9876, RequestCode Distribution: {106:1}
2024-10-11 00:04:03 INFO NettyServerScheduler_1 - Port: 9876, ResponseCode Distribution: {0:1}
2024-10-11 00:04:08 INFO NettyServerScheduler_1 - Port: 9876, RequestCode Distribution: {106:1}
2024-10-11 00:04:08 INFO NettyServerScheduler_1 - Port: 9876, ResponseCode Distribution: {0:1}
2024-10-11 00:04:13 INFO NettyServerScheduler_1 - Port: 9876, RequestCode Distribution: {106:1}
2024-10-11 00:04:13 INFO NettyServerScheduler_1 - Port: 9876, ResponseCode Distribution: {0:1}
2024-10-11 00:04:18 INFO NettyServerScheduler_1 - Port: 9876, RequestCode Distribution: {106:2, 103:1}
2024-10-11 00:04:18 INFO NettyServerScheduler_1 - Port: 9876, ResponseCode Distribution: {0:3}
2024-10-11 00:04:23 INFO NettyServerScheduler_1 - Port: 9876, RequestCode Distribution: {106:1}
2024-10-11 00:04:23 INFO NettyServerScheduler_1 - Port: 9876, ResponseCode Distribution: {0:1}
2024-10-11 00:04:28 INFO NettyServerScheduler_1 - Port: 9876, RequestCode Distribution: {106:1}
2024-10-11 00:04:28 INFO NettyServerScheduler_1 - Port: 9876, ResponseCode Distribution: {0:1}
2024-10-11 00:04:30 INFO NettyServerScheduler_1 - Port: 9876, RequestCode Distribution: {105:3, 106:1, 206:1}
2024-10-11 00:04:30 INFO NettyServerScheduler_1 - Port: 9876, ResponseCode Distribution: {0:5}
2024-10-11 00:04:33 INFO NettyServerScheduler_1 - Port: 9876, RequestCode Distribution: {106:1}
2024-10-11 00:04:33 INFO NettyServerScheduler_1 - Port: 9876, ResponseCode Distribution: {0:1}
2024-10-11 00:04:38 INFO NettyServerScheduler_1 - Port: 9876, RequestCode Distribution: {106:2}
2024-10-11 00:04:38 INFO NettyServerScheduler_1 - Port: 9876, ResponseCode Distribution: {0:2}
2024-10-11 00:04:43 INFO NettyServerScheduler_1 - Port: 9876, RequestCode Distribution: {106:1}
2024-10-11 00:04:43 INFO NettyServerScheduler_1 - Port: 9876, ResponseCode Distribution: {0:1}
2024-10-11 00:04:48 INFO NettyServerScheduler_1 - Port: 9876, RequestCode Distribution: {106:1, 103:1}
2024-10-11 00:04:48 INFO NettyServerScheduler_1 - Port: 9876, ResponseCode Distribution: {0:2}
2024-10-11 00:04:53 INFO NettyServerScheduler_1 - Port: 9876, RequestCode Distribution: {106:1}
2024-10-11 00:04:53 INFO NettyServerScheduler_1 - Port: 9876, ResponseCode Distribution: {0:1}
2024-10-11 00:04:58 INFO NettyServerScheduler_1 - Port: 9876, RequestCode Distribution: {106:2}
2024-10-11 00:04:58 INFO NettyServerScheduler_1 - Port: 9876, ResponseCode Distribution: {0:2}
2024-10-11 00:05:00 INFO NettyServerScheduler_1 - Port: 9876, RequestCode Distribution: {105:1, 106:1}
2024-10-11 00:05:00 INFO NettyServerScheduler_1 - Port: 9876, ResponseCode Distribution: {0:2}
2024-10-11 00:05:03 INFO NettyServerScheduler_1 - Port: 9876, RequestCode Distribution: {106:1}
2024-10-11 00:05:03 INFO NettyServerScheduler_1 - Port: 9876, ResponseCode Distribution: {0:1}
2024-10-11 00:05:08 INFO NettyServerScheduler_1 - Port: 9876, RequestCode Distribution: {106:1}
2024-10-11 00:05:08 INFO NettyServerScheduler_1 - Port: 9876, ResponseCode Distribution: {0:1}
2024-10-11 00:05:13 INFO NettyServerScheduler_1 - Port: 9876, RequestCode Distribution: {106:1}
2024-10-11 00:05:13 INFO NettyServerScheduler_1 - Port: 9876, ResponseCode Distribution: {0:1}
2024-10-11 00:05:18 INFO NettyServerScheduler_1 - Port: 9876, RequestCode Distribution: {106:2, 103:1}
2024-10-11 00:05:18 INFO NettyServerScheduler_1 - Port: 9876, ResponseCode Distribution: {0:3}
2024-10-11 00:05:23 INFO NettyServerScheduler_1 - Port: 9876, RequestCode Distribution: {106:1}
2024-10-11 00:05:23 INFO NettyServerScheduler_1 - Port: 9876, ResponseCode Distribution: {0:1}
2024-10-11 00:05:28 INFO NettyServerScheduler_1 - Port: 9876, RequestCode Distribution: {106:1}
2024-10-11 00:05:28 INFO NettyServerScheduler_1 - Port: 9876, ResponseCode Distribution: {0:1}
2024-10-11 00:05:30 INFO NettyServerScheduler_1 - Port: 9876, RequestCode Distribution: {105:3, 106:1, 206:1}
2024-10-11 00:05:30 INFO NettyServerScheduler_1 - Port: 9876, ResponseCode Distribution: {0:5}
2024-10-11 00:05:33 INFO NettyServerScheduler_1 - Port: 9876, RequestCode Distribution: {106:1}
2024-10-11 00:05:33 INFO NettyServerScheduler_1 - Port: 9876, ResponseCode Distribution: {0:1}
2024-10-11 00:05:38 INFO NettyServerScheduler_1 - Port: 9876, RequestCode Distribution: {106:2}
2024-10-11 00:05:38 INFO NettyServerScheduler_1 - Port: 9876, ResponseCode Distribution: {0:2}
2024-10-11 00:05:43 INFO NettyServerScheduler_1 - Port: 9876, RequestCode Distribution: {106:1}
2024-10-11 00:05:43 INFO NettyServerScheduler_1 - Port: 9876, ResponseCode Distribution: {0:1}
2024-10-11 00:05:48 INFO NettyServerScheduler_1 - Port: 9876, RequestCode Distribution: {106:1, 103:1}
2024-10-11 00:05:48 INFO NettyServerScheduler_1 - Port: 9876, ResponseCode Distribution: {0:2}
2024-10-11 00:05:53 INFO NettyServerScheduler_1 - Port: 9876, RequestCode Distribution: {106:1}
2024-10-11 00:05:53 INFO NettyServerScheduler_1 - Port: 9876, ResponseCode Distribution: {0:1}
2024-10-11 00:05:58 INFO NettyServerScheduler_1 - Port: 9876, RequestCode Distribution: {106:2}
2024-10-11 00:05:58 INFO NettyServerScheduler_1 - Port: 9876, ResponseCode Distribution: {0:2}
2024-10-11 00:06:00 INFO NettyServerScheduler_1 - Port: 9876, RequestCode Distribution: {105:1, 106:1}
2024-10-11 00:06:00 INFO NettyServerScheduler_1 - Port: 9876, ResponseCode Distribution: {0:2}
2024-10-11 00:06:03 INFO NettyServerScheduler_1 - Port: 9876, RequestCode Distribution: {106:1}
2024-10-11 00:06:03 INFO NettyServerScheduler_1 - Port: 9876, ResponseCode Distribution: {0:1}
2024-10-11 00:06:08 INFO NettyServerScheduler_1 - Port: 9876, RequestCode Distribution: {106:1}
2024-10-11 00:06:08 INFO NettyServerScheduler_1 - Port: 9876, ResponseCode Distribution: {0:1}
2024-10-11 00:06:13 INFO NettyServerScheduler_1 - Port: 9876, RequestCode Distribution: {106:1}
2024-10-11 00:06:13 INFO NettyServerScheduler_1 - Port: 9876, ResponseCode Distribution: {0:1}
2024-10-11 00:06:18 INFO NettyServerScheduler_1 - Port: 9876, RequestCode Distribution: {106:2, 103:1}
2024-10-11 00:06:18 INFO NettyServerScheduler_1 - Port: 9876, ResponseCode Distribution: {0:3}
2024-10-11 00:06:23 INFO NettyServerScheduler_1 - Port: 9876, RequestCode Distribution: {106:1}
2024-10-11 00:06:23 INFO NettyServerScheduler_1 - Port: 9876, ResponseCode Distribution: {0:1}
2024-10-11 00:06:28 INFO NettyServerScheduler_1 - Port: 9876, RequestCode Distribution: {106:1}
2024-10-11 00:06:28 INFO NettyServerScheduler_1 - Port: 9876, ResponseCode Distribution: {0:1}
2024-10-11 00:06:30 INFO NettyServerScheduler_1 - Port: 9876, RequestCode Distribution: {105:3, 106:1, 206:1}
2024-10-11 00:06:30 INFO NettyServerScheduler_1 - Port: 9876, ResponseCode Distribution: {0:5}
2024-10-11 00:06:33 INFO NettyServerScheduler_1 - Port: 9876, RequestCode Distribution: {106:1}
2024-10-11 00:06:33 INFO NettyServerScheduler_1 - Port: 9876, ResponseCode Distribution: {0:1}
2024-10-11 00:06:38 INFO NettyServerScheduler_1 - Port: 9876, RequestCode Distribution: {106:2}
2024-10-11 00:06:38 INFO NettyServerScheduler_1 - Port: 9876, ResponseCode Distribution: {0:2}
2024-10-11 00:06:43 INFO NettyServerScheduler_1 - Port: 9876, RequestCode Distribution: {106:1}
2024-10-11 00:06:43 INFO NettyServerScheduler_1 - Port: 9876, ResponseCode Distribution: {0:1}
2024-10-11 00:06:48 INFO NettyServerScheduler_1 - Port: 9876, RequestCode Distribution: {106:1, 103:1}
2024-10-11 00:06:48 INFO NettyServerScheduler_1 - Port: 9876, ResponseCode Distribution: {0:2}
2024-10-11 00:06:53 INFO NettyServerScheduler_1 - Port: 9876, RequestCode Distribution: {106:1}
2024-10-11 00:06:53 INFO NettyServerScheduler_1 - Port: 9876, ResponseCode Distribution: {0:1}
2024-10-11 00:06:58 INFO NettyServerScheduler_1 - Port: 9876, RequestCode Distribution: {106:2}
2024-10-11 00:06:58 INFO NettyServerScheduler_1 - Port: 9876, ResponseCode Distribution: {0:2}
2024-10-11 00:07:00 INFO NettyServerScheduler_1 - Port: 9876, RequestCode Distribution: {105:1, 106:1}
2024-10-11 00:07:00 INFO NettyServerScheduler_1 - Port: 9876, ResponseCode Distribution: {0:2}
2024-10-11 00:07:03 INFO NettyServerScheduler_1 - Port: 9876, RequestCode Distribution: {106:1}
2024-10-11 00:07:03 INFO NettyServerScheduler_1 - Port: 9876, ResponseCode Distribution: {0:1}
2024-10-11 00:07:08 INFO NettyServerScheduler_1 - Port: 9876, RequestCode Distribution: {106:1}
2024-10-11 00:07:08 INFO NettyServerScheduler_1 - Port: 9876, ResponseCode Distribution: {0:1}
2024-10-11 00:07:13 INFO NettyServerScheduler_1 - Port: 9876, RequestCode Distribution: {106:1}
2024-10-11 00:07:13 INFO NettyServerScheduler_1 - Port: 9876, ResponseCode Distribution: {0:1}
2024-10-11 00:07:46 INFO NettyServerScheduler_1 - Port: 9876, RequestCode Distribution: {103:1}
2024-10-11 00:07:46 INFO NettyServerScheduler_1 - Port: 9876, ResponseCode Distribution: {0:1}
2024-10-11 00:07:56 INFO NettyServerScheduler_1 - Port: 9876, RequestCode Distribution: {106:1, 103:1}
2024-10-11 00:07:56 INFO NettyServerScheduler_1 - Port: 9876, ResponseCode Distribution: {0:2}
2024-10-11 00:08:01 INFO NettyServerScheduler_1 - Port: 9876, RequestCode Distribution: {106:2}
2024-10-11 00:08:01 INFO NettyServerScheduler_1 - Port: 9876, ResponseCode Distribution: {0:2}
2024-10-11 00:08:06 INFO NettyServerScheduler_1 - Port: 9876, RequestCode Distribution: {106:2}
2024-10-11 00:08:06 INFO NettyServerScheduler_1 - Port: 9876, ResponseCode Distribution: {0:2}
2024-10-11 00:08:11 INFO NettyServerScheduler_1 - Port: 9876, RequestCode Distribution: {106:1}
2024-10-11 00:08:11 INFO NettyServerScheduler_1 - Port: 9876, ResponseCode Distribution: {0:1}
2024-10-11 00:08:16 INFO NettyServerScheduler_1 - Port: 9876, RequestCode Distribution: {106:1}
2024-10-11 00:08:16 INFO NettyServerScheduler_1 - Port: 9876, ResponseCode Distribution: {0:1}
2024-10-11 00:08:21 INFO NettyServerScheduler_1 - Port: 9876, RequestCode Distribution: {106:1}
2024-10-11 00:08:21 INFO NettyServerScheduler_1 - Port: 9876, ResponseCode Distribution: {0:1}
2024-10-11 00:08:26 INFO NettyServerScheduler_1 - Port: 9876, RequestCode Distribution: {106:2, 103:1}
2024-10-11 00:08:26 INFO NettyServerScheduler_1 - Port: 9876, ResponseCode Distribution: {0:3}
2024-10-11 00:08:30 INFO NettyServerScheduler_1 - Port: 9876, RequestCode Distribution: {105:2, 106:1, 206:1}
2024-10-11 00:08:30 INFO NettyServerScheduler_1 - Port: 9876, ResponseCode Distribution: {0:4}
2024-10-11 00:08:31 INFO NettyServerScheduler_1 - Port: 9876, RequestCode Distribution: {105:1, 106:1}
2024-10-11 00:08:31 INFO NettyServerScheduler_1 - Port: 9876, ResponseCode Distribution: {0:2}
2024-10-11 00:08:36 INFO NettyServerScheduler_1 - Port: 9876, RequestCode Distribution: {106:1}
2024-10-11 00:08:36 INFO NettyServerScheduler_1 - Port: 9876, ResponseCode Distribution: {0:1}
2024-10-11 00:08:41 INFO NettyServerScheduler_1 - Port: 9876, RequestCode Distribution: {106:1}
2024-10-11 00:08:41 INFO NettyServerScheduler_1 - Port: 9876, ResponseCode Distribution: {0:1}
2024-10-11 00:08:46 INFO NettyServerScheduler_1 - Port: 9876, RequestCode Distribution: {106:2}
2024-10-11 00:08:46 INFO NettyServerScheduler_1 - Port: 9876, ResponseCode Distribution: {0:2}
2024-10-11 00:08:51 INFO NettyServerScheduler_1 - Port: 9876, RequestCode Distribution: {106:1}
2024-10-11 00:08:51 INFO NettyServerScheduler_1 - Port: 9876, ResponseCode Distribution: {0:1}
2024-10-11 00:08:56 INFO NettyServerScheduler_1 - Port: 9876, RequestCode Distribution: {106:1, 103:1}
2024-10-11 00:08:56 INFO NettyServerScheduler_1 - Port: 9876, ResponseCode Distribution: {0:2}
2024-10-11 00:09:00 INFO NettyServerScheduler_1 - Port: 9876, RequestCode Distribution: {106:1}
2024-10-11 00:09:00 INFO NettyServerScheduler_1 - Port: 9876, ResponseCode Distribution: {0:1}
2024-10-11 00:09:01 INFO NettyServerScheduler_1 - Port: 9876, RequestCode Distribution: {105:1, 106:1}
2024-10-11 00:09:01 INFO NettyServerScheduler_1 - Port: 9876, ResponseCode Distribution: {0:2}
2024-10-11 00:09:03 INFO NettyServerScheduler_1 - Port: 9876, RequestCode Distribution: {106:1}
2024-10-11 00:09:03 INFO NettyServerScheduler_1 - Port: 9876, ResponseCode Distribution: {0:1}
2024-10-11 00:09:06 INFO NettyServerScheduler_1 - Port: 9876, RequestCode Distribution: {106:2}
2024-10-11 00:09:06 INFO NettyServerScheduler_1 - Port: 9876, ResponseCode Distribution: {0:2}
2024-10-11 00:09:07 INFO NettyServerScheduler_1 - Port: 9876, RequestCode Distribution: {106:1}
2024-10-11 00:09:07 INFO NettyServerScheduler_1 - Port: 9876, ResponseCode Distribution: {0:1}
2024-10-11 00:09:11 INFO NettyServerScheduler_1 - Port: 9876, RequestCode Distribution: {106:1}
2024-10-11 00:09:11 INFO NettyServerScheduler_1 - Port: 9876, ResponseCode Distribution: {0:1}
2024-10-11 00:09:16 INFO NettyServerScheduler_1 - Port: 9876, RequestCode Distribution: {106:1}
2024-10-11 00:09:16 INFO NettyServerScheduler_1 - Port: 9876, ResponseCode Distribution: {0:1}
2024-10-11 00:09:21 INFO NettyServerScheduler_1 - Port: 9876, RequestCode Distribution: {106:1}
2024-10-11 00:09:21 INFO NettyServerScheduler_1 - Port: 9876, ResponseCode Distribution: {0:1}
2024-10-11 00:09:22 INFO NettyServerScheduler_1 - Port: 9876, RequestCode Distribution: {304:1, 105:1, 206:1}
2024-10-11 00:09:22 INFO NettyServerScheduler_1 - Port: 9876, ResponseCode Distribution: {0:3}
2024-10-11 00:09:24 INFO NettyServerScheduler_1 - Port: 9876, RequestCode Distribution: {105:16, 106:1}
2024-10-11 00:09:24 INFO NettyServerScheduler_1 - Port: 9876, ResponseCode Distribution: {0:1, 17:16}
2024-10-11 00:09:26 INFO NettyServerScheduler_1 - Port: 9876, RequestCode Distribution: {304:1, 105:1, 106:2, 206:1, 103:1}
2024-10-11 00:09:26 INFO NettyServerScheduler_1 - Port: 9876, ResponseCode Distribution: {0:6}
2024-10-11 00:09:30 INFO NettyServerScheduler_1 - Port: 9876, RequestCode Distribution: {105:2, 106:1, 206:1}
2024-10-11 00:09:30 INFO NettyServerScheduler_1 - Port: 9876, ResponseCode Distribution: {0:4}
2024-10-11 00:09:31 INFO NettyServerScheduler_1 - Port: 9876, RequestCode Distribution: {105:1, 106:1}
2024-10-11 00:09:31 INFO NettyServerScheduler_1 - Port: 9876, ResponseCode Distribution: {0:2}
2024-10-11 00:09:36 INFO NettyServerScheduler_1 - Port: 9876, RequestCode Distribution: {304:1, 105:1, 106:1, 206:1}
2024-10-11 00:09:36 INFO NettyServerScheduler_1 - Port: 9876, ResponseCode Distribution: {0:3}
2024-10-11 00:09:41 INFO NettyServerScheduler_1 - Port: 9876, RequestCode Distribution: {106:1}
2024-10-11 00:09:41 INFO NettyServerScheduler_1 - Port: 9876, ResponseCode Distribution: {0:1}
2024-10-11 00:09:46 INFO NettyServerScheduler_1 - Port: 9876, RequestCode Distribution: {106:2}
2024-10-11 00:09:46 INFO NettyServerScheduler_1 - Port: 9876, ResponseCode Distribution: {0:2}
2024-10-11 00:09:48 INFO NettyServerScheduler_1 - Port: 9876, RequestCode Distribution: {106:1}
2024-10-11 00:09:48 INFO NettyServerScheduler_1 - Port: 9876, ResponseCode Distribution: {0:1}
2024-10-11 00:09:51 INFO NettyServerScheduler_1 - Port: 9876, RequestCode Distribution: {106:1}
2024-10-11 00:09:51 INFO NettyServerScheduler_1 - Port: 9876, ResponseCode Distribution: {0:1}
2024-10-11 00:09:56 INFO NettyServerScheduler_1 - Port: 9876, RequestCode Distribution: {106:1, 103:1}
2024-10-11 00:09:56 INFO NettyServerScheduler_1 - Port: 9876, ResponseCode Distribution: {0:2}
2024-10-11 00:10:00 INFO NettyServerScheduler_1 - Port: 9876, RequestCode Distribution: {106:1}
2024-10-11 00:10:00 INFO NettyServerScheduler_1 - Port: 9876, ResponseCode Distribution: {0:1}
2024-10-11 00:10:01 INFO NettyServerScheduler_1 - Port: 9876, RequestCode Distribution: {105:1, 106:1}
2024-10-11 00:10:01 INFO NettyServerScheduler_1 - Port: 9876, ResponseCode Distribution: {0:2}
2024-10-11 00:10:06 INFO NettyServerScheduler_1 - Port: 9876, RequestCode Distribution: {106:2}
2024-10-11 00:10:06 INFO NettyServerScheduler_1 - Port: 9876, ResponseCode Distribution: {0:2}
2024-10-11 00:10:11 INFO NettyServerScheduler_1 - Port: 9876, RequestCode Distribution: {106:1}
2024-10-11 00:10:11 INFO NettyServerScheduler_1 - Port: 9876, ResponseCode Distribution: {0:1}
2024-10-11 00:10:16 INFO NettyServerScheduler_1 - Port: 9876, RequestCode Distribution: {106:1}
2024-10-11 00:10:16 INFO NettyServerScheduler_1 - Port: 9876, ResponseCode Distribution: {0:1}
2024-10-11 00:10:21 INFO NettyServerScheduler_1 - Port: 9876, RequestCode Distribution: {106:1}
2024-10-11 00:10:21 INFO NettyServerScheduler_1 - Port: 9876, ResponseCode Distribution: {0:1}
2024-10-11 00:10:26 INFO NettyServerScheduler_1 - Port: 9876, RequestCode Distribution: {106:2, 103:1}
2024-10-11 00:10:26 INFO NettyServerScheduler_1 - Port: 9876, ResponseCode Distribution: {0:3}
2024-10-11 00:10:30 INFO NettyServerScheduler_1 - Port: 9876, RequestCode Distribution: {105:2, 106:1, 206:1}
2024-10-11 00:10:30 INFO NettyServerScheduler_1 - Port: 9876, ResponseCode Distribution: {0:4}
2024-10-11 00:10:31 INFO NettyServerScheduler_1 - Port: 9876, RequestCode Distribution: {105:1, 106:1}
2024-10-11 00:10:31 INFO NettyServerScheduler_1 - Port: 9876, ResponseCode Distribution: {0:2}
2024-10-11 00:10:36 INFO NettyServerScheduler_1 - Port: 9876, RequestCode Distribution: {106:1}
2024-10-11 00:10:36 INFO NettyServerScheduler_1 - Port: 9876, ResponseCode Distribution: {0:1}
2024-10-11 00:10:41 INFO NettyServerScheduler_1 - Port: 9876, RequestCode Distribution: {106:1}
2024-10-11 00:10:41 INFO NettyServerScheduler_1 - Port: 9876, ResponseCode Distribution: {0:1}
2024-10-11 00:10:46 INFO NettyServerScheduler_1 - Port: 9876, RequestCode Distribution: {106:2}
2024-10-11 00:10:46 INFO NettyServerScheduler_1 - Port: 9876, ResponseCode Distribution: {0:2}
2024-10-11 00:10:51 INFO NettyServerScheduler_1 - Port: 9876, RequestCode Distribution: {106:1}
2024-10-11 00:10:51 INFO NettyServerScheduler_1 - Port: 9876, ResponseCode Distribution: {0:1}
2024-10-11 00:10:56 INFO NettyServerScheduler_1 - Port: 9876, RequestCode Distribution: {106:1, 103:1}
2024-10-11 00:10:56 INFO NettyServerScheduler_1 - Port: 9876, ResponseCode Distribution: {0:2}
2024-10-11 00:11:00 INFO NettyServerScheduler_1 - Port: 9876, RequestCode Distribution: {106:1}
2024-10-11 00:11:00 INFO NettyServerScheduler_1 - Port: 9876, ResponseCode Distribution: {0:1}
2024-10-11 00:11:01 INFO NettyServerScheduler_1 - Port: 9876, RequestCode Distribution: {105:1, 106:1}
2024-10-11 00:11:01 INFO NettyServerScheduler_1 - Port: 9876, ResponseCode Distribution: {0:2}
2024-10-11 00:11:06 INFO NettyServerScheduler_1 - Port: 9876, RequestCode Distribution: {106:2}
2024-10-11 00:11:06 INFO NettyServerScheduler_1 - Port: 9876, ResponseCode Distribution: {0:2}
2024-10-11 00:11:11 INFO NettyServerScheduler_1 - Port: 9876, RequestCode Distribution: {106:1}
2024-10-11 00:11:11 INFO NettyServerScheduler_1 - Port: 9876, ResponseCode Distribution: {0:1}
2024-10-11 00:11:16 INFO NettyServerScheduler_1 - Port: 9876, RequestCode Distribution: {106:1}
2024-10-11 00:11:16 INFO NettyServerScheduler_1 - Port: 9876, ResponseCode Distribution: {0:1}
2024-10-11 00:11:21 INFO NettyServerScheduler_1 - Port: 9876, RequestCode Distribution: {106:1}
2024-10-11 00:11:21 INFO NettyServerScheduler_1 - Port: 9876, ResponseCode Distribution: {0:1}
2024-10-11 00:11:26 INFO NettyServerScheduler_1 - Port: 9876, RequestCode Distribution: {106:2, 103:1}
2024-10-11 00:11:26 INFO NettyServerScheduler_1 - Port: 9876, ResponseCode Distribution: {0:3}
2024-10-11 00:11:30 INFO NettyServerScheduler_1 - Port: 9876, RequestCode Distribution: {105:2, 106:1, 206:1}
2024-10-11 00:11:30 INFO NettyServerScheduler_1 - Port: 9876, ResponseCode Distribution: {0:4}
2024-10-11 00:11:31 INFO NettyServerScheduler_1 - Port: 9876, RequestCode Distribution: {105:1, 106:1}
2024-10-11 00:11:31 INFO NettyServerScheduler_1 - Port: 9876, ResponseCode Distribution: {0:2}
2024-10-11 00:11:36 INFO NettyServerScheduler_1 - Port: 9876, RequestCode Distribution: {106:1}
2024-10-11 00:11:36 INFO NettyServerScheduler_1 - Port: 9876, ResponseCode Distribution: {0:1}
2024-10-11 00:11:41 INFO NettyServerScheduler_1 - Port: 9876, RequestCode Distribution: {106:1}
2024-10-11 00:11:41 INFO NettyServerScheduler_1 - Port: 9876, ResponseCode Distribution: {0:1}
2024-10-11 00:11:46 INFO NettyServerScheduler_1 - Port: 9876, RequestCode Distribution: {106:2}
2024-10-11 00:11:46 INFO NettyServerScheduler_1 - Port: 9876, ResponseCode Distribution: {0:2}
